<?xml version="1.0" encoding="UTF-8"?>
<!-- Generated by org.testng.reporters.JUnitReportReporter -->
<testsuite hostname="shashibhushans-MacBook-Air.local" failures="0" tests="1" name="testcases.LoginTest" time="12.621" errors="0" timestamp="2024-12-08T11:16:43 IST" skipped="0">
  <testcase classname="testcases.LoginTest" name="LoginTest" time="12.621"/>
</testsuite> <!-- testcases.LoginTest -->
