<?xml version="1.0" encoding="UTF-8"?>
<!-- Generated by org.testng.reporters.JUnitReportReporter -->
<testsuite hostname="shashibhushans-MacBook-Air.local" failures="0" tests="1" name="testcases.LoginTest" time="8.323" errors="0" timestamp="2024-11-26T09:57:41 IST" skipped="0">
  <testcase classname="testcases.LoginTest" name="LoginTest" time="8.323"/>
</testsuite> <!-- testcases.LoginTest -->
